<?xml version="1.0" encoding="UTF-8"?>
<!-- Generated by org.testng.reporters.JUnitReportReporter -->
<testsuite skipped="0" hostname="Deepaks-MacBook-Pro.local" name="com.sdetTraining.com.sdetTraining.Maven.App" tests="1" failures="0" timestamp="05 Sep 2017 20:39:22 GMT" time="0.007" errors="0">
  <testcase name="myOwnMethod" time="0.007" classname="com.sdetTraining.com.sdetTraining.Maven.App"/>
</testsuite> <!-- com.sdetTraining.com.sdetTraining.Maven.App -->
